-------------------------------------------------------------------------------
Test set: br.com.geradordesignacoes.TesteGeracaoEscalaCompleta
-------------------------------------------------------------------------------
Tests run: 1, Failures: 1, Errors: 0, Skipped: 0, Time elapsed: 1.278 s <<< FAILURE! -- in br.com.geradordesignacoes.TesteGeracaoEscalaCompleta
br.com.geradordesignacoes.TesteGeracaoEscalaCompleta.deveGerarEscalaCompletaComPersistencia -- Time elapsed: 1.274 s <<< FAILURE!
org.opentest4j.AssertionFailedError: A geração não deveria possuir erros ==> expected: <false> but was: <true>
	at org.junit.jupiter.api.AssertionFailureBuilder.build(AssertionFailureBuilder.java:151)
	at org.junit.jupiter.api.AssertionFailureBuilder.buildAndThrow(AssertionFailureBuilder.java:132)
	at org.junit.jupiter.api.AssertFalse.failNotFalse(AssertFalse.java:63)
	at org.junit.jupiter.api.AssertFalse.assertFalse(AssertFalse.java:36)
	at org.junit.jupiter.api.Assertions.assertFalse(Assertions.java:239)
	at br.com.geradordesignacoes.TesteGeracaoEscalaCompleta.deveGerarEscalaCompletaComPersistencia(TesteGeracaoEscalaCompleta.java:63)
	at java.base/java.lang.reflect.Method.invoke(Method.java:580)
	at java.base/java.util.ArrayList.forEach(ArrayList.java:1597)
	at java.base/java.util.ArrayList.forEach(ArrayList.java:1597)

