<?xml version="1.0" encoding="UTF-8"?>
<testsuite xmlns:xsi="http://www.w3.org/2001/XMLSchema-instance" xsi:noNamespaceSchemaLocation="https://maven.apache.org/surefire/maven-surefire-plugin/xsd/surefire-test-report-3.0.xsd" version="3.0" name="br.com.geradordesignacoes.GeradorEscalaPresidenteTest" time="5.249" tests="3" errors="0" skipped="0" failures="0">
  <properties>
[...]
</properties>
  <testcase name="naoDeveDesignarPresidenteMulherOuNaoAnciao" classname="br.com.geradordesignacoes.GeradorEscalaPresidenteTest" time="1.745">
    <system-out><![CDATA[Tabela 'pessoa' criada ou já existente.
Tabela 'parte' criada ou já existente.
Tabela 'parte_participacao_necessaria' criada ou já existente.
Tabela 'historico_designacoes' criada ou já existente.
Tabela 'escala' criada ou já existente.
Tabela 'designacao' criada ou já existente.
]]></system-out>
  </testcase>
  <testcase name="deveDesignarPresidenteComoParticipacaoFixaDaEscala" classname="br.com.geradordesignacoes.GeradorEscalaPresidenteTest" time="1.839">
    <system-out><![CDATA[Tabela 'pessoa' criada ou já existente.
Tabela 'parte' criada ou já existente.
Tabela 'parte_participacao_necessaria' criada ou já existente.
Tabela 'historico_designacoes' criada ou já existente.
Tabela 'escala' criada ou já existente.
Tabela 'designacao' criada ou já existente.
]]></system-out>
  </testcase>
  <testcase name="deveAplicarHistoricoNaEscolhaDoPresidente" classname="br.com.geradordesignacoes.GeradorEscalaPresidenteTest" time="1.656">
    <system-out><![CDATA[Tabela 'pessoa' criada ou já existente.
Tabela 'parte' criada ou já existente.
Tabela 'parte_participacao_necessaria' criada ou já existente.
Tabela 'historico_designacoes' criada ou já existente.
Tabela 'escala' criada ou já existente.
Tabela 'designacao' criada ou já existente.
]]></system-out>
  </testcase>
</testsuite>