<?xml version="1.0" encoding="UTF-8"?>
<testsuite xmlns:xsi="http://www.w3.org/2001/XMLSchema-instance" xsi:noNamespaceSchemaLocation="https://maven.apache.org/surefire/maven-surefire-plugin/xsd/surefire-test-report-3.0.xsd" version="3.0" name="br.com.geradordesignacoes.ProgramacaoSemanaServiceTest" time="0.655" tests="34" errors="17" skipped="0" failures="6">
  <properties>
[...]
</properties>
  <testcase name="deveCriarPartesNaOrdemCorreta" classname="br.com.geradordesignacoes.ProgramacaoSemanaServiceTest" time="0.054">
    <failure message="expected: &lt;false&gt; but was: &lt;true&gt;" type="org.opentest4j.AssertionFailedError"><![CDATA[org.opentest4j.AssertionFailedError: expected: <false> but was: <true>
	at org.junit.jupiter.api.AssertionFailureBuilder.build(AssertionFailureBuilder.java:151)
	at org.junit.jupiter.api.AssertionFailureBuilder.buildAndThrow(AssertionFailureBuilder.java:132)
	at org.junit.jupiter.api.AssertFalse.failNotFalse(AssertFalse.java:63)
	at org.junit.jupiter.api.AssertFalse.assertFalse(AssertFalse.java:36)
	at org.junit.jupiter.api.AssertFalse.assertFalse(AssertFalse.java:31)
	at org.junit.jupiter.api.Assertions.assertFalse(Assertions.java:231)
	at br.com.geradordesignacoes.ProgramacaoSemanaServiceTest.deveCriarPartesNaOrdemCorreta(ProgramacaoSemanaServiceTeste.java:72)
	at java.base/java.lang.reflect.Method.invoke(Method.java:580)
	at java.base/java.util.ArrayList.forEach(ArrayList.java:1597)
	at java.base/java.util.ArrayList.forEach(ArrayList.java:1597)
]]></failure>
  </testcase>
  <testcase name="deveRetornarFalseQuandoPossuirMenosDeTresPartesVariaveis" classname="br.com.geradordesignacoes.ProgramacaoSemanaServiceTest" time="0.0"/>
  <testcase name="deveRetornarTrueComExatamenteTresPartesVariaveis" classname="br.com.geradordesignacoes.ProgramacaoSemanaServiceTest" time="0.015">
    <error message="Index 0 out of bounds for length 0" type="java.lang.ArrayIndexOutOfBoundsException"><![CDATA[java.lang.ArrayIndexOutOfBoundsException: Index 0 out of bounds for length 0
	at java.base/java.util.ImmutableCollections$ListN.get(ImmutableCollections.java:687)
	at br.com.geradordesignacoes.ProgramacaoSemanaServiceTest.deveRetornarTrueComExatamenteTresPartesVariaveis(ProgramacaoSemanaServiceTeste.java:898)
	at java.base/java.lang.reflect.Method.invoke(Method.java:580)
	at java.base/java.util.ArrayList.forEach(ArrayList.java:1597)
	at java.base/java.util.ArrayList.forEach(ArrayList.java:1597)
]]></error>
  </testcase>
  <testcase name="partesDevemSerCriadasSemTemaInicialmente" classname="br.com.geradordesignacoes.ProgramacaoSemanaServiceTest" time="0.017"/>
  <testcase name="deveRetornarVerdadeiroComTresPartesVariaveis" classname="br.com.geradordesignacoes.ProgramacaoSemanaServiceTest" time="0.031">
    <failure message="expected: &lt;3&gt; but was: &lt;0&gt;" type="org.opentest4j.AssertionFailedError"><![CDATA[org.opentest4j.AssertionFailedError: expected: <3> but was: <0>
	at org.junit.jupiter.api.AssertionFailureBuilder.build(AssertionFailureBuilder.java:151)
	at org.junit.jupiter.api.AssertionFailureBuilder.buildAndThrow(AssertionFailureBuilder.java:132)
	at org.junit.jupiter.api.AssertEquals.failNotEqual(AssertEquals.java:197)
	at org.junit.jupiter.api.AssertEquals.assertEquals(AssertEquals.java:150)
	at org.junit.jupiter.api.AssertEquals.assertEquals(AssertEquals.java:145)
	at org.junit.jupiter.api.Assertions.assertEquals(Assertions.java:531)
	at br.com.geradordesignacoes.ProgramacaoSemanaServiceTest.deveRetornarVerdadeiroComTresPartesVariaveis(ProgramacaoSemanaServiceTeste.java:664)
	at java.base/java.lang.reflect.Method.invoke(Method.java:580)
	at java.base/java.util.ArrayList.forEach(ArrayList.java:1597)
	at java.base/java.util.ArrayList.forEach(ArrayList.java:1597)
]]></failure>
  </testcase>
  <testcase name="naoDevePermitirRemoverParteComIdInexistente" classname="br.com.geradordesignacoes.ProgramacaoSemanaServiceTest" time="0.037"/>
  <testcase name="deveRetornarFalseQuandoNaoExistirProgramacao" classname="br.com.geradordesignacoes.ProgramacaoSemanaServiceTest" time="0.0"/>
  <testcase name="deveAlterarTemaDaParte" classname="br.com.geradordesignacoes.ProgramacaoSemanaServiceTest" time="0.031">
    <error message="Parte da programação não encontrada." type="java.lang.IllegalArgumentException"><![CDATA[java.lang.IllegalArgumentException: Parte da programação não encontrada.
	at br.com.geradordesignacoes.service.ProgramacaoSemanaService.lambda$definirTema$1(ProgramacaoSemanaService.java:109)
	at java.base/java.util.Optional.orElseThrow(Optional.java:403)
	at br.com.geradordesignacoes.service.ProgramacaoSemanaService.definirTema(ProgramacaoSemanaService.java:107)
	at br.com.geradordesignacoes.ProgramacaoSemanaServiceTest.deveAlterarTemaDaParte(ProgramacaoSemanaServiceTeste.java:237)
	at java.base/java.lang.reflect.Method.invoke(Method.java:580)
	at java.base/java.util.ArrayList.forEach(ArrayList.java:1597)
	at java.base/java.util.ArrayList.forEach(ArrayList.java:1597)
]]></error>
  </testcase>
  <testcase name="deveRetornarFalsoQuandoProgramacaoPossuiMenosDeTresPartesVariaveis" classname="br.com.geradordesignacoes.ProgramacaoSemanaServiceTest" time="0.032">
    <error message="No value present" type="java.util.NoSuchElementException"><![CDATA[java.util.NoSuchElementException: No value present
	at java.base/java.util.Optional.orElseThrow(Optional.java:377)
	at br.com.geradordesignacoes.ProgramacaoSemanaServiceTest.deveRetornarFalsoQuandoProgramacaoPossuiMenosDeTresPartesVariaveis(ProgramacaoSemanaServiceTeste.java:632)
	at java.base/java.lang.reflect.Method.invoke(Method.java:580)
	at java.base/java.util.ArrayList.forEach(ArrayList.java:1597)
	at java.base/java.util.ArrayList.forEach(ArrayList.java:1597)
]]></error>
  </testcase>
  <testcase name="deveDefinirTemaDaParte" classname="br.com.geradordesignacoes.ProgramacaoSemanaServiceTest" time="0.037">
    <error message="Parte da programação não encontrada." type="java.lang.IllegalArgumentException"><![CDATA[java.lang.IllegalArgumentException: Parte da programação não encontrada.
	at br.com.geradordesignacoes.service.ProgramacaoSemanaService.lambda$definirTema$1(ProgramacaoSemanaService.java:109)
	at java.base/java.util.Optional.orElseThrow(Optional.java:403)
	at br.com.geradordesignacoes.service.ProgramacaoSemanaService.definirTema(ProgramacaoSemanaService.java:107)
	at br.com.geradordesignacoes.ProgramacaoSemanaServiceTest.deveDefinirTemaDaParte(ProgramacaoSemanaServiceTeste.java:198)
	at java.base/java.lang.reflect.Method.invoke(Method.java:580)
	at java.base/java.util.ArrayList.forEach(ArrayList.java:1597)
	at java.base/java.util.ArrayList.forEach(ArrayList.java:1597)
]]></error>
  </testcase>
  <testcase name="naoDevePermitirRemoverParteComDataNula" classname="br.com.geradordesignacoes.ProgramacaoSemanaServiceTest" time="0.016"/>
  <testcase name="naoDevePermitirAdicionarParteComDataNula" classname="br.com.geradordesignacoes.ProgramacaoSemanaServiceTest" time="0.0"/>
  <testcase name="naoDevePermitirRemoverParteComIdNulo" classname="br.com.geradordesignacoes.ProgramacaoSemanaServiceTest" time="0.0"/>
  <testcase name="deveRetornarTrueComExatamenteSeisPartesVariaveis" classname="br.com.geradordesignacoes.ProgramacaoSemanaServiceTest" time="0.0">
    <failure message="É necessário possuir pelo menos 6 partes variáveis cadastradas. ==&gt; expected: &lt;true&gt; but was: &lt;false&gt;" type="org.opentest4j.AssertionFailedError"><![CDATA[org.opentest4j.AssertionFailedError: É necessário possuir pelo menos 6 partes variáveis cadastradas. ==> expected: <true> but was: <false>
	at org.junit.jupiter.api.AssertionFailureBuilder.build(AssertionFailureBuilder.java:151)
	at org.junit.jupiter.api.AssertionFailureBuilder.buildAndThrow(AssertionFailureBuilder.java:132)
	at org.junit.jupiter.api.AssertTrue.failNotTrue(AssertTrue.java:63)
	at org.junit.jupiter.api.AssertTrue.assertTrue(AssertTrue.java:36)
	at org.junit.jupiter.api.Assertions.assertTrue(Assertions.java:214)
	at br.com.geradordesignacoes.ProgramacaoSemanaServiceTest.deveRetornarTrueComExatamenteSeisPartesVariaveis(ProgramacaoSemanaServiceTeste.java:915)
	at java.base/java.lang.reflect.Method.invoke(Method.java:580)
	at java.base/java.util.ArrayList.forEach(ArrayList.java:1597)
	at java.base/java.util.ArrayList.forEach(ArrayList.java:1597)
]]></failure>
  </testcase>
  <testcase name="deveRejeitarDataNula" classname="br.com.geradordesignacoes.ProgramacaoSemanaServiceTest" time="0.0"/>
  <testcase name="deveImpedirAdicionarParteComDataNula" classname="br.com.geradordesignacoes.ProgramacaoSemanaServiceTest" time="0.0">
    <error message="No value present" type="java.util.NoSuchElementException"><![CDATA[java.util.NoSuchElementException: No value present
	at java.base/java.util.Optional.orElseThrow(Optional.java:377)
	at br.com.geradordesignacoes.ProgramacaoSemanaServiceTest.deveImpedirAdicionarParteComDataNula(ProgramacaoSemanaServiceTeste.java:695)
	at java.base/java.lang.reflect.Method.invoke(Method.java:580)
	at java.base/java.util.ArrayList.forEach(ArrayList.java:1597)
	at java.base/java.util.ArrayList.forEach(ArrayList.java:1597)
]]></error>
  </testcase>
  <testcase name="deveImpedirAdicionarParteFixaComoVariavel" classname="br.com.geradordesignacoes.ProgramacaoSemanaServiceTest" time="0.032">
    <error message="Nenhuma parte fixa cadastrada." type="java.lang.IllegalStateException"><![CDATA[java.lang.IllegalStateException: Nenhuma parte fixa cadastrada.
	at br.com.geradordesignacoes.ProgramacaoSemanaServiceTest.lambda$deveImpedirAdicionarParteFixaComoVariavel$13(ProgramacaoSemanaServiceTeste.java:492)
	at java.base/java.util.Optional.orElseThrow(Optional.java:403)
	at br.com.geradordesignacoes.ProgramacaoSemanaServiceTest.deveImpedirAdicionarParteFixaComoVariavel(ProgramacaoSemanaServiceTeste.java:490)
	at java.base/java.lang.reflect.Method.invoke(Method.java:580)
	at java.base/java.util.ArrayList.forEach(ArrayList.java:1597)
	at java.base/java.util.ArrayList.forEach(ArrayList.java:1597)
]]></error>
  </testcase>
  <testcase name="deveRecuperarProgramacaoExistente" classname="br.com.geradordesignacoes.ProgramacaoSemanaServiceTest" time="0.037"/>
  <testcase name="naoDevePermitirAdicionarParteVariavelDuplicada" classname="br.com.geradordesignacoes.ProgramacaoSemanaServiceTest" time="0.016">
    <error message="No value present" type="java.util.NoSuchElementException"><![CDATA[java.util.NoSuchElementException: No value present
	at java.base/java.util.Optional.orElseThrow(Optional.java:377)
	at br.com.geradordesignacoes.ProgramacaoSemanaServiceTest.naoDevePermitirAdicionarParteVariavelDuplicada(ProgramacaoSemanaServiceTeste.java:731)
	at java.base/java.lang.reflect.Method.invoke(Method.java:580)
	at java.base/java.util.ArrayList.forEach(ArrayList.java:1597)
	at java.base/java.util.ArrayList.forEach(ArrayList.java:1597)
]]></error>
  </testcase>
  <testcase name="deveImpedirRemoverParteFixa" classname="br.com.geradordesignacoes.ProgramacaoSemanaServiceTest" time="0.016">
    <error message="No value present" type="java.util.NoSuchElementException"><![CDATA[java.util.NoSuchElementException: No value present
	at java.base/java.util.Optional.orElseThrow(Optional.java:377)
	at br.com.geradordesignacoes.ProgramacaoSemanaServiceTest.deveImpedirRemoverParteFixa(ProgramacaoSemanaServiceTeste.java:571)
	at java.base/java.lang.reflect.Method.invoke(Method.java:580)
	at java.base/java.util.ArrayList.forEach(ArrayList.java:1597)
	at java.base/java.util.ArrayList.forEach(ArrayList.java:1597)
]]></error>
  </testcase>
  <testcase name="devePersistirParteVariavelAdicionada" classname="br.com.geradordesignacoes.ProgramacaoSemanaServiceTest" time="0.019">
    <error message="No value present" type="java.util.NoSuchElementException"><![CDATA[java.util.NoSuchElementException: No value present
	at java.base/java.util.Optional.orElseThrow(Optional.java:377)
	at br.com.geradordesignacoes.ProgramacaoSemanaServiceTest.devePersistirParteVariavelAdicionada(ProgramacaoSemanaServiceTeste.java:1060)
	at java.base/java.lang.reflect.Method.invoke(Method.java:580)
	at java.base/java.util.ArrayList.forEach(ArrayList.java:1597)
	at java.base/java.util.ArrayList.forEach(ArrayList.java:1597)
]]></error>
  </testcase>
  <testcase name="naoDevePermitirAdicionarParteFixa" classname="br.com.geradordesignacoes.ProgramacaoSemanaServiceTest" time="0.016">
    <error message="No value present" type="java.util.NoSuchElementException"><![CDATA[java.util.NoSuchElementException: No value present
	at java.base/java.util.Optional.orElseThrow(Optional.java:377)
	at br.com.geradordesignacoes.ProgramacaoSemanaServiceTest.naoDevePermitirAdicionarParteFixa(ProgramacaoSemanaServiceTeste.java:793)
	at java.base/java.lang.reflect.Method.invoke(Method.java:580)
	at java.base/java.util.ArrayList.forEach(ArrayList.java:1597)
	at java.base/java.util.ArrayList.forEach(ArrayList.java:1597)
]]></error>
  </testcase>
  <testcase name="deveImpedirAdicionarParteVariavelDuplicada" classname="br.com.geradordesignacoes.ProgramacaoSemanaServiceTest" time="0.033">
    <error message="Nenhuma parte variável cadastrada." type="java.lang.IllegalStateException"><![CDATA[java.lang.IllegalStateException: Nenhuma parte variável cadastrada.
	at br.com.geradordesignacoes.ProgramacaoSemanaServiceTest.lambda$deveImpedirAdicionarParteVariavelDuplicada$16(ProgramacaoSemanaServiceTeste.java:532)
	at java.base/java.util.Optional.orElseThrow(Optional.java:403)
	at br.com.geradordesignacoes.ProgramacaoSemanaServiceTest.deveImpedirAdicionarParteVariavelDuplicada(ProgramacaoSemanaServiceTeste.java:530)
	at java.base/java.lang.reflect.Method.invoke(Method.java:580)
	at java.base/java.util.ArrayList.forEach(ArrayList.java:1597)
	at java.base/java.util.ArrayList.forEach(ArrayList.java:1597)
]]></error>
  </testcase>
  <testcase name="naoDevePermitirMaisDeSeisPartesVariaveis" classname="br.com.geradordesignacoes.ProgramacaoSemanaServiceTest" time="0.0">
    <failure message="É necessário possuir pelo menos 7 partes variáveis cadastradas. ==&gt; expected: &lt;true&gt; but was: &lt;false&gt;" type="org.opentest4j.AssertionFailedError"><![CDATA[org.opentest4j.AssertionFailedError: É necessário possuir pelo menos 7 partes variáveis cadastradas. ==> expected: <true> but was: <false>
	at org.junit.jupiter.api.AssertionFailureBuilder.build(AssertionFailureBuilder.java:151)
	at org.junit.jupiter.api.AssertionFailureBuilder.buildAndThrow(AssertionFailureBuilder.java:132)
	at org.junit.jupiter.api.AssertTrue.failNotTrue(AssertTrue.java:63)
	at org.junit.jupiter.api.AssertTrue.assertTrue(AssertTrue.java:36)
	at org.junit.jupiter.api.Assertions.assertTrue(Assertions.java:214)
	at br.com.geradordesignacoes.ProgramacaoSemanaServiceTest.naoDevePermitirMaisDeSeisPartesVariaveis(ProgramacaoSemanaServiceTeste.java:813)
	at java.base/java.lang.reflect.Method.invoke(Method.java:580)
	at java.base/java.util.ArrayList.forEach(ArrayList.java:1597)
	at java.base/java.util.ArrayList.forEach(ArrayList.java:1597)
]]></failure>
  </testcase>
  <testcase name="deveCriarProgramacaoParaNovaData" classname="br.com.geradordesignacoes.ProgramacaoSemanaServiceTest" time="0.032">
    <failure message="expected: &lt;false&gt; but was: &lt;true&gt;" type="org.opentest4j.AssertionFailedError"><![CDATA[org.opentest4j.AssertionFailedError: expected: <false> but was: <true>
	at org.junit.jupiter.api.AssertionFailureBuilder.build(AssertionFailureBuilder.java:151)
	at org.junit.jupiter.api.AssertionFailureBuilder.buildAndThrow(AssertionFailureBuilder.java:132)
	at org.junit.jupiter.api.AssertFalse.failNotFalse(AssertFalse.java:63)
	at org.junit.jupiter.api.AssertFalse.assertFalse(AssertFalse.java:36)
	at org.junit.jupiter.api.AssertFalse.assertFalse(AssertFalse.java:31)
	at org.junit.jupiter.api.Assertions.assertFalse(Assertions.java:231)
	at br.com.geradordesignacoes.ProgramacaoSemanaServiceTest.deveCriarProgramacaoParaNovaData(ProgramacaoSemanaServiceTeste.java:51)
	at java.base/java.lang.reflect.Method.invoke(Method.java:580)
	at java.base/java.util.ArrayList.forEach(ArrayList.java:1597)
	at java.base/java.util.ArrayList.forEach(ArrayList.java:1597)
]]></failure>
  </testcase>
  <testcase name="naoDevePermitirRemoverParteQueNaoEstaNaProgramacao" classname="br.com.geradordesignacoes.ProgramacaoSemanaServiceTest" time="0.0">
    <error message="No value present" type="java.util.NoSuchElementException"><![CDATA[java.util.NoSuchElementException: No value present
	at java.base/java.util.Optional.orElseThrow(Optional.java:377)
	at br.com.geradordesignacoes.ProgramacaoSemanaServiceTest.naoDevePermitirRemoverParteQueNaoEstaNaProgramacao(ProgramacaoSemanaServiceTeste.java:845)
	at java.base/java.lang.reflect.Method.invoke(Method.java:580)
	at java.base/java.util.ArrayList.forEach(ArrayList.java:1597)
	at java.base/java.util.ArrayList.forEach(ArrayList.java:1597)
]]></error>
  </testcase>
  <testcase name="deveImpedirMaisDeSeisPartesVariaveis" classname="br.com.geradordesignacoes.ProgramacaoSemanaServiceTest" time="0.046">
    <failure message="expected: &lt;true&gt; but was: &lt;false&gt;" type="org.opentest4j.AssertionFailedError"><![CDATA[org.opentest4j.AssertionFailedError: expected: <true> but was: <false>
	at org.junit.jupiter.api.AssertionFailureBuilder.build(AssertionFailureBuilder.java:151)
	at org.junit.jupiter.api.AssertionFailureBuilder.buildAndThrow(AssertionFailureBuilder.java:132)
	at org.junit.jupiter.api.AssertTrue.failNotTrue(AssertTrue.java:63)
	at org.junit.jupiter.api.AssertTrue.assertTrue(AssertTrue.java:36)
	at org.junit.jupiter.api.AssertTrue.assertTrue(AssertTrue.java:31)
	at org.junit.jupiter.api.Assertions.assertTrue(Assertions.java:183)
	at br.com.geradordesignacoes.ProgramacaoSemanaServiceTest.deveImpedirMaisDeSeisPartesVariaveis(ProgramacaoSemanaServiceTeste.java:436)
	at java.base/java.lang.reflect.Method.invoke(Method.java:580)
	at java.base/java.util.ArrayList.forEach(ArrayList.java:1597)
	at java.base/java.util.ArrayList.forEach(ArrayList.java:1597)
]]></failure>
  </testcase>
  <testcase name="naoDevePermitirAdicionarParteComIdNulo" classname="br.com.geradordesignacoes.ProgramacaoSemanaServiceTest" time="0.0"/>
  <testcase name="deveAdicionarParteVariavelNaSemana" classname="br.com.geradordesignacoes.ProgramacaoSemanaServiceTest" time="0.023">
    <error message="Nenhuma parte variável cadastrada." type="java.lang.IllegalStateException"><![CDATA[java.lang.IllegalStateException: Nenhuma parte variável cadastrada.
	at br.com.geradordesignacoes.ProgramacaoSemanaServiceTest.lambda$deveAdicionarParteVariavelNaSemana$4(ProgramacaoSemanaServiceTeste.java:301)
	at java.base/java.util.Optional.orElseThrow(Optional.java:403)
	at br.com.geradordesignacoes.ProgramacaoSemanaServiceTest.deveAdicionarParteVariavelNaSemana(ProgramacaoSemanaServiceTeste.java:299)
	at java.base/java.lang.reflect.Method.invoke(Method.java:580)
	at java.base/java.util.ArrayList.forEach(ArrayList.java:1597)
	at java.base/java.util.ArrayList.forEach(ArrayList.java:1597)
]]></error>
  </testcase>
  <testcase name="deveRemoverParteVariavelDaSemana" classname="br.com.geradordesignacoes.ProgramacaoSemanaServiceTest" time="0.031">
    <error message="Nenhuma parte variável cadastrada." type="java.lang.IllegalStateException"><![CDATA[java.lang.IllegalStateException: Nenhuma parte variável cadastrada.
	at br.com.geradordesignacoes.ProgramacaoSemanaServiceTest.lambda$deveRemoverParteVariavelDaSemana$7(ProgramacaoSemanaServiceTeste.java:355)
	at java.base/java.util.Optional.orElseThrow(Optional.java:403)
	at br.com.geradordesignacoes.ProgramacaoSemanaServiceTest.deveRemoverParteVariavelDaSemana(ProgramacaoSemanaServiceTeste.java:353)
	at java.base/java.lang.reflect.Method.invoke(Method.java:580)
	at java.base/java.util.ArrayList.forEach(ArrayList.java:1597)
	at java.base/java.util.ArrayList.forEach(ArrayList.java:1597)
]]></error>
  </testcase>
  <testcase name="deveRemoverParteVariavel" classname="br.com.geradordesignacoes.ProgramacaoSemanaServiceTest" time="0.016">
    <error message="No value present" type="java.util.NoSuchElementException"><![CDATA[java.util.NoSuchElementException: No value present
	at java.base/java.util.Optional.orElseThrow(Optional.java:377)
	at br.com.geradordesignacoes.ProgramacaoSemanaServiceTest.deveRemoverParteVariavel(ProgramacaoSemanaServiceTeste.java:1006)
	at java.base/java.lang.reflect.Method.invoke(Method.java:580)
	at java.base/java.util.ArrayList.forEach(ArrayList.java:1597)
	at java.base/java.util.ArrayList.forEach(ArrayList.java:1597)
]]></error>
  </testcase>
  <testcase name="deveImpedirRemoverParteNaoConfigurada" classname="br.com.geradordesignacoes.ProgramacaoSemanaServiceTest" time="0.038">
    <error message="No value present" type="java.util.NoSuchElementException"><![CDATA[java.util.NoSuchElementException: No value present
	at java.base/java.util.Optional.orElseThrow(Optional.java:377)
	at br.com.geradordesignacoes.ProgramacaoSemanaServiceTest.deveImpedirRemoverParteNaoConfigurada(ProgramacaoSemanaServiceTeste.java:602)
	at java.base/java.lang.reflect.Method.invoke(Method.java:580)
	at java.base/java.util.ArrayList.forEach(ArrayList.java:1597)
	at java.base/java.util.ArrayList.forEach(ArrayList.java:1597)
]]></error>
  </testcase>
  <testcase name="devePersistirRemocaoDaParteVariavel" classname="br.com.geradordesignacoes.ProgramacaoSemanaServiceTest" time="0.0">
    <error message="No value present" type="java.util.NoSuchElementException"><![CDATA[java.util.NoSuchElementException: No value present
	at java.base/java.util.Optional.orElseThrow(Optional.java:377)
	at br.com.geradordesignacoes.ProgramacaoSemanaServiceTest.devePersistirRemocaoDaParteVariavel(ProgramacaoSemanaServiceTeste.java:1094)
	at java.base/java.lang.reflect.Method.invoke(Method.java:580)
	at java.base/java.util.ArrayList.forEach(ArrayList.java:1597)
	at java.base/java.util.ArrayList.forEach(ArrayList.java:1597)
]]></error>
  </testcase>
  <testcase name="deveImpedirAdicionarParteComIdNulo" classname="br.com.geradordesignacoes.ProgramacaoSemanaServiceTest" time="0.0"/>
</testsuite>