<?xml version="1.0" encoding="UTF-8"?>
<testsuite xmlns:xsi="http://www.w3.org/2001/XMLSchema-instance" xsi:noNamespaceSchemaLocation="https://maven.apache.org/surefire/maven-surefire-plugin/xsd/surefire-test-report-3.0.xsd" version="3.0" name="br.com.geradordesignacoes.ParteDAOTest" time="0.257" tests="2" errors="0" skipped="0" failures="0">
  <properties>
[...]
</properties>
  <testcase name="deveListarParteComParticipacoesNecessarias" classname="br.com.geradordesignacoes.ParteDAOTest" time="0.14">
    <system-out><![CDATA[Tabela 'pessoa' criada ou já existente.
Tabela 'parte' criada ou já existente.
Tabela 'parte_participacao_necessaria' criada ou já existente.
Tabela 'historico_designacoes' criada ou já existente.
]]></system-out>
  </testcase>
  <testcase name="deveSalvarEBuscarParte" classname="br.com.geradordesignacoes.ParteDAOTest" time="0.113">
    <system-out><![CDATA[Tabela 'pessoa' criada ou já existente.
Tabela 'parte' criada ou já existente.
Tabela 'parte_participacao_necessaria' criada ou já existente.
Tabela 'historico_designacoes' criada ou já existente.
]]></system-out>
  </testcase>
</testsuite>